2021-06-15 15:53:41,630 INFO org.springframework.boot.StartupInfoLogger [restartedMain] Starting CalcserviceApplication using Java 1.8.0_202 on LAPTOP-V267SAEG with PID 22416 (C:\Users\olive\Downloads\calcservice\target\classes started by olive in C:\Users\olive\Downloads\calcservice)
2021-06-15 15:53:41,668 INFO org.springframework.boot.SpringApplication [restartedMain] No active profile set, falling back to default profiles: default
2021-06-15 15:53:41,732 INFO org.springframework.boot.logging.DeferredLog [restartedMain] Devtools property defaults active! Set 'spring.devtools.add-properties' to 'false' to disable
2021-06-15 15:53:41,740 INFO org.springframework.boot.logging.DeferredLog [restartedMain] For additional web related logging consider setting the 'logging.level.web' property to 'DEBUG'
2021-06-15 15:53:43,062 INFO org.springframework.boot.web.embedded.tomcat.TomcatWebServer [restartedMain] Tomcat initialized with port(s): 8080 (http)
2021-06-15 15:53:43,086 INFO org.apache.juli.logging.DirectJDKLog [restartedMain] Initializing ProtocolHandler ["http-nio-8080"]
2021-06-15 15:53:43,086 INFO org.apache.juli.logging.DirectJDKLog [restartedMain] Starting service [Tomcat]
2021-06-15 15:53:43,086 INFO org.apache.juli.logging.DirectJDKLog [restartedMain] Starting Servlet engine: [Apache Tomcat/9.0.46]
2021-06-15 15:53:43,246 INFO org.apache.juli.logging.DirectJDKLog [restartedMain] Initializing Spring embedded WebApplicationContext
2021-06-15 15:53:43,246 INFO org.springframework.boot.web.servlet.context.ServletWebServerApplicationContext [restartedMain] Root WebApplicationContext: initialization completed in 1506 ms
2021-06-15 15:53:43,348 INFO net.rakugakibox.spring.boot.logback.access.LogbackAccessContext [restartedMain] Configured the Logback-access: context=[default], config=[classpath:net/rakugakibox/spring/boot/logback/access/logback-access-spring.xml]
2021-06-15 15:53:43,818 INFO org.springframework.boot.devtools.autoconfigure.OptionalLiveReloadServer [restartedMain] LiveReload server is running on port 35729
2021-06-15 15:53:43,842 INFO org.apache.juli.logging.DirectJDKLog [restartedMain] Starting ProtocolHandler ["http-nio-8080"]
2021-06-15 15:53:43,858 INFO org.springframework.boot.web.embedded.tomcat.TomcatWebServer [restartedMain] Tomcat started on port(s): 8080 (http) with context path ''
2021-06-15 15:53:43,874 INFO org.springframework.boot.StartupInfoLogger [restartedMain] Started CalcserviceApplication in 2.898 seconds (JVM running for 4.287)
2021-06-15 15:53:52,413 INFO org.apache.juli.logging.DirectJDKLog [http-nio-8080-exec-1] Initializing Spring DispatcherServlet 'dispatcherServlet'
2021-06-15 15:53:52,413 INFO org.springframework.web.servlet.FrameworkServlet [http-nio-8080-exec-1] Initializing Servlet 'dispatcherServlet'
2021-06-15 15:53:52,417 INFO org.springframework.web.servlet.FrameworkServlet [http-nio-8080-exec-1] Completed initialization in 4 ms
2021-06-15 15:53:52,461 WARN org.springframework.web.servlet.handler.AbstractHandlerExceptionResolver [http-nio-8080-exec-1] Resolved [org.springframework.web.method.annotation.MethodArgumentTypeMismatchException: Failed to convert value of type 'java.lang.String' to required type 'double'; nested exception is java.lang.NumberFormatException: For input string: "w"]
2021-06-15 15:56:50,794 INFO org.springframework.boot.StartupInfoLogger [restartedMain] Starting CalcserviceApplication using Java 1.8.0_202 on LAPTOP-V267SAEG with PID 21960 (C:\Users\olive\Downloads\calcservice\target\classes started by olive in C:\Users\olive\Downloads\calcservice)
2021-06-15 15:56:50,802 INFO org.springframework.boot.SpringApplication [restartedMain] No active profile set, falling back to default profiles: default
2021-06-15 15:56:50,866 INFO org.springframework.boot.logging.DeferredLog [restartedMain] Devtools property defaults active! Set 'spring.devtools.add-properties' to 'false' to disable
2021-06-15 15:56:50,866 INFO org.springframework.boot.logging.DeferredLog [restartedMain] For additional web related logging consider setting the 'logging.level.web' property to 'DEBUG'
2021-06-15 15:56:52,636 INFO org.springframework.boot.web.embedded.tomcat.TomcatWebServer [restartedMain] Tomcat initialized with port(s): 8080 (http)
2021-06-15 15:56:52,636 INFO org.apache.juli.logging.DirectJDKLog [restartedMain] Initializing ProtocolHandler ["http-nio-8080"]
2021-06-15 15:56:52,636 INFO org.apache.juli.logging.DirectJDKLog [restartedMain] Starting service [Tomcat]
2021-06-15 15:56:52,636 INFO org.apache.juli.logging.DirectJDKLog [restartedMain] Starting Servlet engine: [Apache Tomcat/9.0.46]
2021-06-15 15:56:52,768 INFO org.apache.juli.logging.DirectJDKLog [restartedMain] Initializing Spring embedded WebApplicationContext
2021-06-15 15:56:52,783 INFO org.springframework.boot.web.servlet.context.ServletWebServerApplicationContext [restartedMain] Root WebApplicationContext: initialization completed in 1917 ms
2021-06-15 15:56:52,852 INFO net.rakugakibox.spring.boot.logback.access.LogbackAccessContext [restartedMain] Configured the Logback-access: context=[default], config=[classpath:net/rakugakibox/spring/boot/logback/access/logback-access-spring.xml]
2021-06-15 15:56:53,322 INFO org.springframework.boot.devtools.autoconfigure.OptionalLiveReloadServer [restartedMain] LiveReload server is running on port 35729
2021-06-15 15:56:53,338 INFO org.apache.juli.logging.DirectJDKLog [restartedMain] Starting ProtocolHandler ["http-nio-8080"]
2021-06-15 15:56:53,392 INFO org.springframework.boot.web.embedded.tomcat.TomcatWebServer [restartedMain] Tomcat started on port(s): 8080 (http) with context path ''
2021-06-15 15:56:53,407 INFO org.springframework.boot.StartupInfoLogger [restartedMain] Started CalcserviceApplication in 3.398 seconds (JVM running for 4.708)
2021-06-15 15:57:05,604 INFO org.apache.juli.logging.DirectJDKLog [http-nio-8080-exec-1] Initializing Spring DispatcherServlet 'dispatcherServlet'
2021-06-15 15:57:05,604 INFO org.springframework.web.servlet.FrameworkServlet [http-nio-8080-exec-1] Initializing Servlet 'dispatcherServlet'
2021-06-15 15:57:05,608 INFO org.springframework.web.servlet.FrameworkServlet [http-nio-8080-exec-1] Completed initialization in 4 ms
2021-06-15 15:57:05,685 WARN org.springframework.web.servlet.handler.AbstractHandlerExceptionResolver [http-nio-8080-exec-1] Resolved [org.springframework.web.method.annotation.MethodArgumentTypeMismatchException: Failed to convert value of type 'java.lang.String' to required type 'double'; nested exception is java.lang.NumberFormatException: For input string: "w"]
2021-06-15 15:59:12,850 INFO org.springframework.boot.StartupInfoLogger [restartedMain] Starting CalcserviceApplication using Java 1.8.0_202 on LAPTOP-V267SAEG with PID 19508 (C:\Users\olive\Downloads\calcservice\target\classes started by olive in C:\Users\olive\Downloads\calcservice)
2021-06-15 15:59:12,850 INFO org.springframework.boot.SpringApplication [restartedMain] No active profile set, falling back to default profiles: default
2021-06-15 15:59:12,919 INFO org.springframework.boot.logging.DeferredLog [restartedMain] Devtools property defaults active! Set 'spring.devtools.add-properties' to 'false' to disable
2021-06-15 15:59:12,919 INFO org.springframework.boot.logging.DeferredLog [restartedMain] For additional web related logging consider setting the 'logging.level.web' property to 'DEBUG'
2021-06-15 15:59:14,138 INFO org.springframework.boot.web.embedded.tomcat.TomcatWebServer [restartedMain] Tomcat initialized with port(s): 8080 (http)
2021-06-15 15:59:14,153 INFO org.apache.juli.logging.DirectJDKLog [restartedMain] Initializing ProtocolHandler ["http-nio-8080"]
2021-06-15 15:59:14,153 INFO org.apache.juli.logging.DirectJDKLog [restartedMain] Starting service [Tomcat]
2021-06-15 15:59:14,153 INFO org.apache.juli.logging.DirectJDKLog [restartedMain] Starting Servlet engine: [Apache Tomcat/9.0.46]
2021-06-15 15:59:14,323 INFO org.apache.juli.logging.DirectJDKLog [restartedMain] Initializing Spring embedded WebApplicationContext
2021-06-15 15:59:14,323 INFO org.springframework.boot.web.servlet.context.ServletWebServerApplicationContext [restartedMain] Root WebApplicationContext: initialization completed in 1404 ms
2021-06-15 15:59:14,407 INFO net.rakugakibox.spring.boot.logback.access.LogbackAccessContext [restartedMain] Configured the Logback-access: context=[default], config=[classpath:net/rakugakibox/spring/boot/logback/access/logback-access-spring.xml]
2021-06-15 15:59:14,878 INFO org.springframework.boot.devtools.autoconfigure.OptionalLiveReloadServer [restartedMain] LiveReload server is running on port 35729
2021-06-15 15:59:14,894 INFO org.apache.juli.logging.DirectJDKLog [restartedMain] Starting ProtocolHandler ["http-nio-8080"]
2021-06-15 15:59:14,918 INFO org.springframework.boot.web.embedded.tomcat.TomcatWebServer [restartedMain] Tomcat started on port(s): 8080 (http) with context path ''
2021-06-15 15:59:14,926 INFO org.springframework.boot.StartupInfoLogger [restartedMain] Started CalcserviceApplication in 2.744 seconds (JVM running for 4.139)
2021-06-15 16:01:05,560 INFO org.springframework.boot.StartupInfoLogger [restartedMain] Starting CalcserviceApplication using Java 1.8.0_202 on LAPTOP-V267SAEG with PID 456 (C:\Users\olive\Downloads\calcservice\target\classes started by olive in C:\Users\olive\Downloads\calcservice)
2021-06-15 16:01:05,575 INFO org.springframework.boot.SpringApplication [restartedMain] No active profile set, falling back to default profiles: default
2021-06-15 16:01:05,655 INFO org.springframework.boot.logging.DeferredLog [restartedMain] Devtools property defaults active! Set 'spring.devtools.add-properties' to 'false' to disable
2021-06-15 16:01:05,655 INFO org.springframework.boot.logging.DeferredLog [restartedMain] For additional web related logging consider setting the 'logging.level.web' property to 'DEBUG'
2021-06-15 16:01:06,925 INFO org.springframework.boot.web.embedded.tomcat.TomcatWebServer [restartedMain] Tomcat initialized with port(s): 8080 (http)
2021-06-15 16:01:06,925 INFO org.apache.juli.logging.DirectJDKLog [restartedMain] Initializing ProtocolHandler ["http-nio-8080"]
2021-06-15 16:01:06,925 INFO org.apache.juli.logging.DirectJDKLog [restartedMain] Starting service [Tomcat]
2021-06-15 16:01:06,925 INFO org.apache.juli.logging.DirectJDKLog [restartedMain] Starting Servlet engine: [Apache Tomcat/9.0.46]
2021-06-15 16:01:07,047 INFO org.apache.juli.logging.DirectJDKLog [restartedMain] Initializing Spring embedded WebApplicationContext
2021-06-15 16:01:07,047 INFO org.springframework.boot.web.servlet.context.ServletWebServerApplicationContext [restartedMain] Root WebApplicationContext: initialization completed in 1388 ms
2021-06-15 16:01:07,126 INFO net.rakugakibox.spring.boot.logback.access.LogbackAccessContext [restartedMain] Configured the Logback-access: context=[default], config=[classpath:net/rakugakibox/spring/boot/logback/access/logback-access-spring.xml]
2021-06-15 16:01:07,741 INFO org.springframework.boot.devtools.autoconfigure.OptionalLiveReloadServer [restartedMain] LiveReload server is running on port 35729
2021-06-15 16:01:07,760 INFO org.apache.juli.logging.DirectJDKLog [restartedMain] Starting ProtocolHandler ["http-nio-8080"]
2021-06-15 16:01:07,781 INFO org.springframework.boot.web.embedded.tomcat.TomcatWebServer [restartedMain] Tomcat started on port(s): 8080 (http) with context path ''
2021-06-15 16:01:07,793 INFO org.springframework.boot.StartupInfoLogger [restartedMain] Started CalcserviceApplication in 3.023 seconds (JVM running for 4.369)
2021-06-15 16:01:09,121 INFO org.apache.juli.logging.DirectJDKLog [http-nio-8080-exec-2] Initializing Spring DispatcherServlet 'dispatcherServlet'
2021-06-15 16:01:09,121 INFO org.springframework.web.servlet.FrameworkServlet [http-nio-8080-exec-2] Initializing Servlet 'dispatcherServlet'
2021-06-15 16:01:09,121 INFO org.springframework.web.servlet.FrameworkServlet [http-nio-8080-exec-2] Completed initialization in 0 ms
2021-06-15 16:01:09,167 WARN org.springframework.web.servlet.handler.AbstractHandlerExceptionResolver [http-nio-8080-exec-2] Resolved [org.springframework.web.method.annotation.MethodArgumentTypeMismatchException: Failed to convert value of type 'java.lang.String' to required type 'double'; nested exception is java.lang.NumberFormatException: For input string: "w"]
2021-06-15 16:02:48,081 WARN org.springframework.web.servlet.handler.AbstractHandlerExceptionResolver [http-nio-8080-exec-2] Resolved [org.springframework.web.method.annotation.MethodArgumentTypeMismatchException: Failed to convert value of type 'java.lang.String' to required type 'double'; nested exception is java.lang.NumberFormatException: For input string: "w"]
2021-06-15 16:04:37,338 INFO org.springframework.boot.StartupInfoLogger [restartedMain] Starting CalcserviceApplication using Java 1.8.0_202 on LAPTOP-V267SAEG with PID 11132 (C:\Users\olive\Downloads\calcservice\target\classes started by olive in C:\Users\olive\Downloads\calcservice)
2021-06-15 16:04:37,338 INFO org.springframework.boot.SpringApplication [restartedMain] No active profile set, falling back to default profiles: default
2021-06-15 16:04:37,405 INFO org.springframework.boot.logging.DeferredLog [restartedMain] Devtools property defaults active! Set 'spring.devtools.add-properties' to 'false' to disable
2021-06-15 16:04:37,405 INFO org.springframework.boot.logging.DeferredLog [restartedMain] For additional web related logging consider setting the 'logging.level.web' property to 'DEBUG'
2021-06-15 16:04:38,609 INFO org.springframework.boot.web.embedded.tomcat.TomcatWebServer [restartedMain] Tomcat initialized with port(s): 8080 (http)
2021-06-15 16:04:38,620 INFO org.apache.juli.logging.DirectJDKLog [restartedMain] Initializing ProtocolHandler ["http-nio-8080"]
2021-06-15 16:04:38,621 INFO org.apache.juli.logging.DirectJDKLog [restartedMain] Starting service [Tomcat]
2021-06-15 16:04:38,622 INFO org.apache.juli.logging.DirectJDKLog [restartedMain] Starting Servlet engine: [Apache Tomcat/9.0.46]
2021-06-15 16:04:38,752 INFO org.apache.juli.logging.DirectJDKLog [restartedMain] Initializing Spring embedded WebApplicationContext
2021-06-15 16:04:38,752 INFO org.springframework.boot.web.servlet.context.ServletWebServerApplicationContext [restartedMain] Root WebApplicationContext: initialization completed in 1347 ms
2021-06-15 16:04:38,840 INFO net.rakugakibox.spring.boot.logback.access.LogbackAccessContext [restartedMain] Configured the Logback-access: context=[default], config=[classpath:net/rakugakibox/spring/boot/logback/access/logback-access-spring.xml]
2021-06-15 16:04:39,375 INFO org.springframework.boot.devtools.autoconfigure.OptionalLiveReloadServer [restartedMain] LiveReload server is running on port 35729
2021-06-15 16:04:39,391 INFO org.apache.juli.logging.DirectJDKLog [restartedMain] Starting ProtocolHandler ["http-nio-8080"]
2021-06-15 16:04:39,422 INFO org.springframework.boot.web.embedded.tomcat.TomcatWebServer [restartedMain] Tomcat started on port(s): 8080 (http) with context path ''
2021-06-15 16:04:39,428 INFO org.springframework.boot.StartupInfoLogger [restartedMain] Started CalcserviceApplication in 2.777 seconds (JVM running for 3.873)
2021-06-15 16:04:43,927 INFO org.apache.juli.logging.DirectJDKLog [http-nio-8080-exec-1] Initializing Spring DispatcherServlet 'dispatcherServlet'
2021-06-15 16:04:43,927 INFO org.springframework.web.servlet.FrameworkServlet [http-nio-8080-exec-1] Initializing Servlet 'dispatcherServlet'
2021-06-15 16:04:43,931 INFO org.springframework.web.servlet.FrameworkServlet [http-nio-8080-exec-1] Completed initialization in 4 ms
2021-06-15 16:04:43,975 WARN org.springframework.web.servlet.handler.AbstractHandlerExceptionResolver [http-nio-8080-exec-1] Resolved [org.springframework.web.method.annotation.MethodArgumentTypeMismatchException: Failed to convert value of type 'java.lang.String' to required type 'double'; nested exception is java.lang.NumberFormatException: For input string: "w"]
2021-06-15 16:05:37,428 INFO com.calculator.service.calcservice.calculator.CalculatorService [http-nio-8080-exec-4] Entering sum endpoint
2021-06-15 16:05:37,469 INFO com.calculator.service.calcservice.calculator.CalculatorService [http-nio-8080-exec-4] Returning sum
2021-06-15 16:06:44,856 INFO org.springframework.boot.StartupInfoLogger [restartedMain] Starting CalcserviceApplication using Java 1.8.0_202 on LAPTOP-V267SAEG with PID 24352 (C:\Users\olive\Downloads\calcservice\target\classes started by olive in C:\Users\olive\Downloads\calcservice)
2021-06-15 16:06:44,856 INFO org.springframework.boot.SpringApplication [restartedMain] No active profile set, falling back to default profiles: default
2021-06-15 16:06:44,932 INFO org.springframework.boot.logging.DeferredLog [restartedMain] Devtools property defaults active! Set 'spring.devtools.add-properties' to 'false' to disable
2021-06-15 16:06:44,932 INFO org.springframework.boot.logging.DeferredLog [restartedMain] For additional web related logging consider setting the 'logging.level.web' property to 'DEBUG'
2021-06-15 16:06:46,190 INFO org.springframework.boot.web.embedded.tomcat.TomcatWebServer [restartedMain] Tomcat initialized with port(s): 8080 (http)
2021-06-15 16:06:46,205 INFO org.apache.juli.logging.DirectJDKLog [restartedMain] Initializing ProtocolHandler ["http-nio-8080"]
2021-06-15 16:06:46,205 INFO org.apache.juli.logging.DirectJDKLog [restartedMain] Starting service [Tomcat]
2021-06-15 16:06:46,205 INFO org.apache.juli.logging.DirectJDKLog [restartedMain] Starting Servlet engine: [Apache Tomcat/9.0.46]
2021-06-15 16:06:46,343 INFO org.apache.juli.logging.DirectJDKLog [restartedMain] Initializing Spring embedded WebApplicationContext
2021-06-15 16:06:46,343 INFO org.springframework.boot.web.servlet.context.ServletWebServerApplicationContext [restartedMain] Root WebApplicationContext: initialization completed in 1411 ms
2021-06-15 16:06:46,414 INFO net.rakugakibox.spring.boot.logback.access.LogbackAccessContext [restartedMain] Configured the Logback-access: context=[default], config=[classpath:net/rakugakibox/spring/boot/logback/access/logback-access-spring.xml]
2021-06-15 16:06:46,892 INFO org.springframework.boot.devtools.autoconfigure.OptionalLiveReloadServer [restartedMain] LiveReload server is running on port 35729
2021-06-15 16:06:46,908 INFO org.apache.juli.logging.DirectJDKLog [restartedMain] Starting ProtocolHandler ["http-nio-8080"]
2021-06-15 16:06:46,924 INFO org.springframework.boot.web.embedded.tomcat.TomcatWebServer [restartedMain] Tomcat started on port(s): 8080 (http) with context path ''
2021-06-15 16:06:46,944 INFO org.springframework.boot.StartupInfoLogger [restartedMain] Started CalcserviceApplication in 2.782 seconds (JVM running for 3.882)
2021-06-15 16:06:49,630 INFO org.apache.juli.logging.DirectJDKLog [http-nio-8080-exec-2] Initializing Spring DispatcherServlet 'dispatcherServlet'
2021-06-15 16:06:49,630 INFO org.springframework.web.servlet.FrameworkServlet [http-nio-8080-exec-2] Initializing Servlet 'dispatcherServlet'
2021-06-15 16:06:49,634 INFO org.springframework.web.servlet.FrameworkServlet [http-nio-8080-exec-2] Completed initialization in 4 ms
2021-06-15 16:06:49,666 INFO com.calculator.service.calcservice.calculator.CalculatorService [http-nio-8080-exec-2] Entering sum endpoint
2021-06-15 16:06:49,670 INFO com.calculator.service.calcservice.calculator.CalculatorService [http-nio-8080-exec-2] Returning sum -> 4.0+2.0=6
2021-06-15 16:07:08,352 INFO com.calculator.service.calcservice.calculator.CalculatorService [http-nio-8080-exec-3] Entering sum endpoint
2021-06-15 16:07:08,352 INFO com.calculator.service.calcservice.calculator.CalculatorService [http-nio-8080-exec-3] Returning sum -> 4.0+2.0=6
2021-06-15 16:08:54,861 INFO org.springframework.boot.StartupInfoLogger [restartedMain] Starting CalcserviceApplication using Java 1.8.0_202 on LAPTOP-V267SAEG with PID 10044 (C:\Users\olive\Downloads\calcservice\target\classes started by olive in C:\Users\olive\Downloads\calcservice)
2021-06-15 16:08:54,877 INFO org.springframework.boot.SpringApplication [restartedMain] No active profile set, falling back to default profiles: default
2021-06-15 16:08:54,946 INFO org.springframework.boot.logging.DeferredLog [restartedMain] Devtools property defaults active! Set 'spring.devtools.add-properties' to 'false' to disable
2021-06-15 16:08:54,946 INFO org.springframework.boot.logging.DeferredLog [restartedMain] For additional web related logging consider setting the 'logging.level.web' property to 'DEBUG'
2021-06-15 16:08:56,305 INFO org.springframework.boot.web.embedded.tomcat.TomcatWebServer [restartedMain] Tomcat initialized with port(s): 8080 (http)
2021-06-15 16:08:56,305 INFO org.apache.juli.logging.DirectJDKLog [restartedMain] Initializing ProtocolHandler ["http-nio-8080"]
2021-06-15 16:08:56,320 INFO org.apache.juli.logging.DirectJDKLog [restartedMain] Starting service [Tomcat]
2021-06-15 16:08:56,320 INFO org.apache.juli.logging.DirectJDKLog [restartedMain] Starting Servlet engine: [Apache Tomcat/9.0.46]
2021-06-15 16:08:56,477 INFO org.apache.juli.logging.DirectJDKLog [restartedMain] Initializing Spring embedded WebApplicationContext
2021-06-15 16:08:56,477 INFO org.springframework.boot.web.servlet.context.ServletWebServerApplicationContext [restartedMain] Root WebApplicationContext: initialization completed in 1531 ms
2021-06-15 16:08:56,592 INFO net.rakugakibox.spring.boot.logback.access.LogbackAccessContext [restartedMain] Configured the Logback-access: context=[default], config=[classpath:net/rakugakibox/spring/boot/logback/access/logback-access-spring.xml]
2021-06-15 16:08:57,147 INFO org.springframework.boot.devtools.autoconfigure.OptionalLiveReloadServer [restartedMain] LiveReload server is running on port 35729
2021-06-15 16:08:57,178 INFO org.apache.juli.logging.DirectJDKLog [restartedMain] Starting ProtocolHandler ["http-nio-8080"]
2021-06-15 16:08:57,232 INFO org.springframework.boot.web.embedded.tomcat.TomcatWebServer [restartedMain] Tomcat started on port(s): 8080 (http) with context path ''
2021-06-15 16:08:57,260 INFO org.springframework.boot.StartupInfoLogger [restartedMain] Started CalcserviceApplication in 3.045 seconds (JVM running for 4.149)
2021-06-15 16:09:04,655 INFO org.apache.juli.logging.DirectJDKLog [http-nio-8080-exec-1] Initializing Spring DispatcherServlet 'dispatcherServlet'
2021-06-15 16:09:04,659 INFO org.springframework.web.servlet.FrameworkServlet [http-nio-8080-exec-1] Initializing Servlet 'dispatcherServlet'
2021-06-15 16:09:04,659 INFO org.springframework.web.servlet.FrameworkServlet [http-nio-8080-exec-1] Completed initialization in 0 ms
2021-06-15 16:09:04,699 INFO com.calculator.service.calcservice.calculator.CalculatorService [http-nio-8080-exec-1] Entering sum endpoint
2021-06-15 16:09:04,703 INFO com.calculator.service.calcservice.calculator.CalculatorService [http-nio-8080-exec-1] Returning sum -> 4.0+2.99=6.990000000000000
2021-06-15 16:12:39,802 INFO org.springframework.boot.StartupInfoLogger [restartedMain] Starting CalcserviceApplication using Java 1.8.0_202 on LAPTOP-V267SAEG with PID 15532 (C:\Users\olive\Downloads\calcservice\target\classes started by olive in C:\Users\olive\Downloads\calcservice)
2021-06-15 16:12:39,810 INFO org.springframework.boot.SpringApplication [restartedMain] No active profile set, falling back to default profiles: default
2021-06-15 16:12:39,930 INFO org.springframework.boot.logging.DeferredLog [restartedMain] Devtools property defaults active! Set 'spring.devtools.add-properties' to 'false' to disable
2021-06-15 16:12:39,930 INFO org.springframework.boot.logging.DeferredLog [restartedMain] For additional web related logging consider setting the 'logging.level.web' property to 'DEBUG'
2021-06-15 16:12:41,187 INFO org.springframework.boot.web.embedded.tomcat.TomcatWebServer [restartedMain] Tomcat initialized with port(s): 8080 (http)
2021-06-15 16:12:41,199 INFO org.apache.juli.logging.DirectJDKLog [restartedMain] Initializing ProtocolHandler ["http-nio-8080"]
2021-06-15 16:12:41,199 INFO org.apache.juli.logging.DirectJDKLog [restartedMain] Starting service [Tomcat]
2021-06-15 16:12:41,199 INFO org.apache.juli.logging.DirectJDKLog [restartedMain] Starting Servlet engine: [Apache Tomcat/9.0.46]
2021-06-15 16:12:41,311 INFO org.apache.juli.logging.DirectJDKLog [restartedMain] Initializing Spring embedded WebApplicationContext
2021-06-15 16:12:41,311 INFO org.springframework.boot.web.servlet.context.ServletWebServerApplicationContext [restartedMain] Root WebApplicationContext: initialization completed in 1377 ms
2021-06-15 16:12:41,380 INFO net.rakugakibox.spring.boot.logback.access.LogbackAccessContext [restartedMain] Configured the Logback-access: context=[default], config=[classpath:net/rakugakibox/spring/boot/logback/access/logback-access-spring.xml]
2021-06-15 16:12:41,800 INFO org.springframework.boot.devtools.autoconfigure.OptionalLiveReloadServer [restartedMain] LiveReload server is running on port 35729
2021-06-15 16:12:41,817 INFO org.apache.juli.logging.DirectJDKLog [restartedMain] Starting ProtocolHandler ["http-nio-8080"]
2021-06-15 16:12:41,833 INFO org.springframework.boot.web.embedded.tomcat.TomcatWebServer [restartedMain] Tomcat started on port(s): 8080 (http) with context path ''
2021-06-15 16:12:41,854 INFO org.springframework.boot.StartupInfoLogger [restartedMain] Started CalcserviceApplication in 2.853 seconds (JVM running for 4.005)
2021-06-15 16:12:43,672 INFO org.apache.juli.logging.DirectJDKLog [http-nio-8080-exec-2] Initializing Spring DispatcherServlet 'dispatcherServlet'
2021-06-15 16:12:43,672 INFO org.springframework.web.servlet.FrameworkServlet [http-nio-8080-exec-2] Initializing Servlet 'dispatcherServlet'
2021-06-15 16:12:43,672 INFO org.springframework.web.servlet.FrameworkServlet [http-nio-8080-exec-2] Completed initialization in 0 ms
2021-06-15 16:12:43,716 WARN org.springframework.web.servlet.handler.AbstractHandlerExceptionResolver [http-nio-8080-exec-2] Resolved [org.springframework.web.method.annotation.MethodArgumentTypeMismatchException: Failed to convert value of type 'java.lang.String' to required type 'double'; nested exception is java.lang.NumberFormatException: For input string: "q"]
2021-06-15 17:09:52,776 INFO org.springframework.boot.StartupInfoLogger [restartedMain] Starting CalcserviceApplication using Java 1.8.0_202 on LAPTOP-V267SAEG with PID 4196 (C:\Users\olive\Downloads\calcservice\target\classes started by olive in C:\Users\olive\Downloads\calcservice)
2021-06-15 17:09:52,776 INFO org.springframework.boot.SpringApplication [restartedMain] No active profile set, falling back to default profiles: default
2021-06-15 17:09:52,877 INFO org.springframework.boot.logging.DeferredLog [restartedMain] Devtools property defaults active! Set 'spring.devtools.add-properties' to 'false' to disable
2021-06-15 17:09:52,877 INFO org.springframework.boot.logging.DeferredLog [restartedMain] For additional web related logging consider setting the 'logging.level.web' property to 'DEBUG'
2021-06-15 17:09:54,582 INFO org.springframework.boot.web.embedded.tomcat.TomcatWebServer [restartedMain] Tomcat initialized with port(s): 8080 (http)
2021-06-15 17:09:54,597 INFO org.apache.juli.logging.DirectJDKLog [restartedMain] Initializing ProtocolHandler ["http-nio-8080"]
2021-06-15 17:09:54,597 INFO org.apache.juli.logging.DirectJDKLog [restartedMain] Starting service [Tomcat]
2021-06-15 17:09:54,597 INFO org.apache.juli.logging.DirectJDKLog [restartedMain] Starting Servlet engine: [Apache Tomcat/9.0.46]
2021-06-15 17:09:54,782 INFO org.apache.juli.logging.DirectJDKLog [restartedMain] Initializing Spring embedded WebApplicationContext
2021-06-15 17:09:54,782 INFO org.springframework.boot.web.servlet.context.ServletWebServerApplicationContext [restartedMain] Root WebApplicationContext: initialization completed in 1905 ms
2021-06-15 17:09:54,898 INFO net.rakugakibox.spring.boot.logback.access.LogbackAccessContext [restartedMain] Configured the Logback-access: context=[default], config=[classpath:net/rakugakibox/spring/boot/logback/access/logback-access-spring.xml]
2021-06-15 17:09:55,686 INFO org.springframework.boot.devtools.autoconfigure.OptionalLiveReloadServer [restartedMain] LiveReload server is running on port 35729
2021-06-15 17:09:55,714 INFO org.apache.juli.logging.DirectJDKLog [restartedMain] Starting ProtocolHandler ["http-nio-8080"]
2021-06-15 17:09:55,750 INFO org.springframework.boot.web.embedded.tomcat.TomcatWebServer [restartedMain] Tomcat started on port(s): 8080 (http) with context path ''
2021-06-15 17:09:55,766 INFO org.springframework.boot.StartupInfoLogger [restartedMain] Started CalcserviceApplication in 3.982 seconds (JVM running for 5.76)
2021-06-15 17:10:03,179 INFO org.apache.juli.logging.DirectJDKLog [http-nio-8080-exec-1] Initializing Spring DispatcherServlet 'dispatcherServlet'
2021-06-15 17:10:03,179 INFO org.springframework.web.servlet.FrameworkServlet [http-nio-8080-exec-1] Initializing Servlet 'dispatcherServlet'
2021-06-15 17:10:03,183 INFO org.springframework.web.servlet.FrameworkServlet [http-nio-8080-exec-1] Completed initialization in 4 ms
2021-06-15 17:10:03,247 WARN org.springframework.web.servlet.handler.AbstractHandlerExceptionResolver [http-nio-8080-exec-1] Resolved [org.springframework.web.method.annotation.MethodArgumentTypeMismatchException: Failed to convert value of type 'java.lang.String' to required type 'double'; nested exception is java.lang.NumberFormatException: For input string: "q"]
2021-06-15 17:10:07,530 INFO com.calculator.service.calcservice.calculator.CalculatorService [http-nio-8080-exec-4] Entering sum endpoint
2021-06-15 17:10:07,538 INFO com.calculator.service.calcservice.calculator.CalculatorService [http-nio-8080-exec-4] Returning sum -> 4.0+2.0=6
2021-06-15 19:25:46,471 INFO org.springframework.boot.StartupInfoLogger [restartedMain] Starting CalcserviceApplication using Java 1.8.0_202 on LAPTOP-V267SAEG with PID 23664 (C:\Users\olive\Downloads\calcservice\target\classes started by olive in C:\Users\olive\Downloads\calcservice)
2021-06-15 19:25:46,471 INFO org.springframework.boot.SpringApplication [restartedMain] No active profile set, falling back to default profiles: default
2021-06-15 19:25:46,572 INFO org.springframework.boot.logging.DeferredLog [restartedMain] Devtools property defaults active! Set 'spring.devtools.add-properties' to 'false' to disable
2021-06-15 19:25:46,572 INFO org.springframework.boot.logging.DeferredLog [restartedMain] For additional web related logging consider setting the 'logging.level.web' property to 'DEBUG'
2021-06-15 19:25:48,175 INFO org.springframework.boot.web.embedded.tomcat.TomcatWebServer [restartedMain] Tomcat initialized with port(s): 8080 (http)
2021-06-15 19:25:48,187 INFO org.apache.juli.logging.DirectJDKLog [restartedMain] Initializing ProtocolHandler ["http-nio-8080"]
2021-06-15 19:25:48,187 INFO org.apache.juli.logging.DirectJDKLog [restartedMain] Starting service [Tomcat]
2021-06-15 19:25:48,187 INFO org.apache.juli.logging.DirectJDKLog [restartedMain] Starting Servlet engine: [Apache Tomcat/9.0.46]
2021-06-15 19:25:48,331 INFO org.apache.juli.logging.DirectJDKLog [restartedMain] Initializing Spring embedded WebApplicationContext
2021-06-15 19:25:48,331 INFO org.springframework.boot.web.servlet.context.ServletWebServerApplicationContext [restartedMain] Root WebApplicationContext: initialization completed in 1759 ms
2021-06-15 19:25:48,409 INFO net.rakugakibox.spring.boot.logback.access.LogbackAccessContext [restartedMain] Configured the Logback-access: context=[default], config=[classpath:net/rakugakibox/spring/boot/logback/access/logback-access-spring.xml]
2021-06-15 19:25:48,949 INFO org.springframework.boot.devtools.autoconfigure.OptionalLiveReloadServer [restartedMain] LiveReload server is running on port 35729
2021-06-15 19:25:48,980 INFO org.apache.juli.logging.DirectJDKLog [restartedMain] Starting ProtocolHandler ["http-nio-8080"]
2021-06-15 19:25:48,996 INFO org.springframework.boot.web.embedded.tomcat.TomcatWebServer [restartedMain] Tomcat started on port(s): 8080 (http) with context path ''
2021-06-15 19:25:49,027 INFO org.springframework.boot.StartupInfoLogger [restartedMain] Started CalcserviceApplication in 3.484 seconds (JVM running for 5.06)
2021-06-15 19:25:59,921 INFO org.apache.juli.logging.DirectJDKLog [http-nio-8080-exec-1] Initializing Spring DispatcherServlet 'dispatcherServlet'
2021-06-15 19:25:59,921 INFO org.springframework.web.servlet.FrameworkServlet [http-nio-8080-exec-1] Initializing Servlet 'dispatcherServlet'
2021-06-15 19:25:59,921 INFO org.springframework.web.servlet.FrameworkServlet [http-nio-8080-exec-1] Completed initialization in 0 ms
2021-06-15 19:25:59,989 INFO com.calculator.service.calcservice.calculator.CalculatorService [http-nio-8080-exec-1] Entering sum endpoint
2021-06-15 19:26:00,001 INFO com.calculator.service.calcservice.calculator.CalculatorService [http-nio-8080-exec-1] Returning sum -> 4.0+2.0=6
2021-06-15 19:32:14,497 INFO org.springframework.boot.StartupInfoLogger [restartedMain] Starting CalcserviceApplication using Java 1.8.0_202 on LAPTOP-V267SAEG with PID 24352 (C:\Users\olive\Downloads\calcservice\target\classes started by olive in C:\Users\olive\Downloads\calcservice)
2021-06-15 19:32:14,497 INFO org.springframework.boot.SpringApplication [restartedMain] No active profile set, falling back to default profiles: default
2021-06-15 19:32:14,593 INFO org.springframework.boot.logging.DeferredLog [restartedMain] Devtools property defaults active! Set 'spring.devtools.add-properties' to 'false' to disable
2021-06-15 19:32:14,593 INFO org.springframework.boot.logging.DeferredLog [restartedMain] For additional web related logging consider setting the 'logging.level.web' property to 'DEBUG'
2021-06-15 19:32:16,480 INFO org.springframework.boot.web.embedded.tomcat.TomcatWebServer [restartedMain] Tomcat initialized with port(s): 8080 (http)
2021-06-15 19:32:16,496 INFO org.apache.juli.logging.DirectJDKLog [restartedMain] Initializing ProtocolHandler ["http-nio-8080"]
2021-06-15 19:32:16,496 INFO org.apache.juli.logging.DirectJDKLog [restartedMain] Starting service [Tomcat]
2021-06-15 19:32:16,496 INFO org.apache.juli.logging.DirectJDKLog [restartedMain] Starting Servlet engine: [Apache Tomcat/9.0.46]
2021-06-15 19:32:16,666 INFO org.apache.juli.logging.DirectJDKLog [restartedMain] Initializing Spring embedded WebApplicationContext
2021-06-15 19:32:16,666 INFO org.springframework.boot.web.servlet.context.ServletWebServerApplicationContext [restartedMain] Root WebApplicationContext: initialization completed in 2073 ms
2021-06-15 19:32:16,786 INFO net.rakugakibox.spring.boot.logback.access.LogbackAccessContext [restartedMain] Configured the Logback-access: context=[default], config=[classpath:net/rakugakibox/spring/boot/logback/access/logback-access-spring.xml]
2021-06-15 19:32:17,448 INFO org.springframework.boot.devtools.autoconfigure.OptionalLiveReloadServer [restartedMain] LiveReload server is running on port 35729
2021-06-15 19:32:17,472 INFO org.apache.juli.logging.DirectJDKLog [restartedMain] Starting ProtocolHandler ["http-nio-8080"]
2021-06-15 19:32:17,504 INFO org.springframework.boot.web.embedded.tomcat.TomcatWebServer [restartedMain] Tomcat started on port(s): 8080 (http) with context path ''
2021-06-15 19:32:17,536 INFO org.springframework.boot.StartupInfoLogger [restartedMain] Started CalcserviceApplication in 3.936 seconds (JVM running for 5.472)
2021-06-15 19:32:24,589 INFO org.apache.juli.logging.DirectJDKLog [http-nio-8080-exec-1] Initializing Spring DispatcherServlet 'dispatcherServlet'
2021-06-15 19:32:24,589 INFO org.springframework.web.servlet.FrameworkServlet [http-nio-8080-exec-1] Initializing Servlet 'dispatcherServlet'
2021-06-15 19:32:24,593 INFO org.springframework.web.servlet.FrameworkServlet [http-nio-8080-exec-1] Completed initialization in 4 ms
2021-06-15 19:32:24,665 ERROR org.apache.juli.logging.DirectJDKLog [http-nio-8080-exec-1] Servlet.service() for servlet [dispatcherServlet] in context with path [] threw exception [Request processing failed; nested exception is java.lang.IllegalStateException: No primary or single public constructor found for interface javax.servlet.FilterChain - and no default constructor found either] with root cause
java.lang.IllegalStateException: No primary or single public constructor found for interface javax.servlet.FilterChain - and no default constructor found either
	at org.springframework.beans.BeanUtils.getResolvableConstructor(BeanUtils.java:250)
	at org.springframework.web.method.annotation.ModelAttributeMethodProcessor.createAttribute(ModelAttributeMethodProcessor.java:216)
	at org.springframework.web.servlet.mvc.method.annotation.ServletModelAttributeMethodProcessor.createAttribute(ServletModelAttributeMethodProcessor.java:85)
	at org.springframework.web.method.annotation.ModelAttributeMethodProcessor.resolveArgument(ModelAttributeMethodProcessor.java:144)
	at org.springframework.web.method.support.HandlerMethodArgumentResolverComposite.resolveArgument(HandlerMethodArgumentResolverComposite.java:121)
	at org.springframework.web.method.support.InvocableHandlerMethod.getMethodArgumentValues(InvocableHandlerMethod.java:170)
	at org.springframework.web.method.support.InvocableHandlerMethod.invokeForRequest(InvocableHandlerMethod.java:137)
	at org.springframework.web.servlet.mvc.method.annotation.ServletInvocableHandlerMethod.invokeAndHandle(ServletInvocableHandlerMethod.java:106)
	at org.springframework.web.servlet.mvc.method.annotation.RequestMappingHandlerAdapter.invokeHandlerMethod(RequestMappingHandlerAdapter.java:894)
	at org.springframework.web.servlet.mvc.method.annotation.RequestMappingHandlerAdapter.handleInternal(RequestMappingHandlerAdapter.java:808)
	at org.springframework.web.servlet.mvc.method.AbstractHandlerMethodAdapter.handle(AbstractHandlerMethodAdapter.java:87)
	at org.springframework.web.servlet.DispatcherServlet.doDispatch(DispatcherServlet.java:1063)
	at org.springframework.web.servlet.DispatcherServlet.doService(DispatcherServlet.java:963)
	at org.springframework.web.servlet.FrameworkServlet.processRequest(FrameworkServlet.java:1006)
	at org.springframework.web.servlet.FrameworkServlet.doGet(FrameworkServlet.java:898)
	at javax.servlet.http.HttpServlet.service(HttpServlet.java:626)
	at org.springframework.web.servlet.FrameworkServlet.service(FrameworkServlet.java:883)
	at javax.servlet.http.HttpServlet.service(HttpServlet.java:733)
	at org.apache.catalina.core.ApplicationFilterChain.internalDoFilter(ApplicationFilterChain.java:227)
	at org.apache.catalina.core.ApplicationFilterChain.doFilter(ApplicationFilterChain.java:162)
	at org.apache.tomcat.websocket.server.WsFilter.doFilter(WsFilter.java:53)
	at org.apache.catalina.core.ApplicationFilterChain.internalDoFilter(ApplicationFilterChain.java:189)
	at org.apache.catalina.core.ApplicationFilterChain.doFilter(ApplicationFilterChain.java:162)
	at org.springframework.web.filter.RequestContextFilter.doFilterInternal(RequestContextFilter.java:100)
	at org.springframework.web.filter.OncePerRequestFilter.doFilter(OncePerRequestFilter.java:119)
	at org.apache.catalina.core.ApplicationFilterChain.internalDoFilter(ApplicationFilterChain.java:189)
	at org.apache.catalina.core.ApplicationFilterChain.doFilter(ApplicationFilterChain.java:162)
	at org.springframework.web.filter.FormContentFilter.doFilterInternal(FormContentFilter.java:93)
	at org.springframework.web.filter.OncePerRequestFilter.doFilter(OncePerRequestFilter.java:119)
	at org.apache.catalina.core.ApplicationFilterChain.internalDoFilter(ApplicationFilterChain.java:189)
	at org.apache.catalina.core.ApplicationFilterChain.doFilter(ApplicationFilterChain.java:162)
	at org.springframework.web.filter.CharacterEncodingFilter.doFilterInternal(CharacterEncodingFilter.java:201)
	at org.springframework.web.filter.OncePerRequestFilter.doFilter(OncePerRequestFilter.java:119)
	at org.apache.catalina.core.ApplicationFilterChain.internalDoFilter(ApplicationFilterChain.java:189)
	at org.apache.catalina.core.ApplicationFilterChain.doFilter(ApplicationFilterChain.java:162)
	at org.apache.catalina.core.StandardWrapperValve.invoke(StandardWrapperValve.java:202)
	at org.apache.catalina.core.StandardContextValve.invoke(StandardContextValve.java:97)
	at org.apache.catalina.authenticator.AuthenticatorBase.invoke(AuthenticatorBase.java:542)
	at org.apache.catalina.core.StandardHostValve.invoke(StandardHostValve.java:143)
	at org.apache.catalina.valves.ErrorReportValve.invoke(ErrorReportValve.java:92)
	at org.apache.catalina.core.StandardEngineValve.invoke(StandardEngineValve.java:78)
	at net.rakugakibox.spring.boot.logback.access.tomcat.LogbackAccessTomcatValve.invoke(LogbackAccessTomcatValve.java:91)
	at org.apache.catalina.connector.CoyoteAdapter.service(CoyoteAdapter.java:357)
	at org.apache.coyote.http11.Http11Processor.service(Http11Processor.java:374)
	at org.apache.coyote.AbstractProcessorLight.process(AbstractProcessorLight.java:65)
	at org.apache.coyote.AbstractProtocol$ConnectionHandler.process(AbstractProtocol.java:893)
	at org.apache.tomcat.util.net.NioEndpoint$SocketProcessor.doRun(NioEndpoint.java:1707)
	at org.apache.tomcat.util.net.SocketProcessorBase.run(SocketProcessorBase.java:49)
	at java.util.concurrent.ThreadPoolExecutor.runWorker(ThreadPoolExecutor.java:1149)
	at java.util.concurrent.ThreadPoolExecutor$Worker.run(ThreadPoolExecutor.java:624)
	at org.apache.tomcat.util.threads.TaskThread$WrappingRunnable.run(TaskThread.java:61)
	at java.lang.Thread.run(Thread.java:748)
2021-06-15 19:33:13,464 INFO org.springframework.boot.StartupInfoLogger [restartedMain] Starting CalcserviceApplication using Java 1.8.0_202 on LAPTOP-V267SAEG with PID 1408 (C:\Users\olive\Downloads\calcservice\target\classes started by olive in C:\Users\olive\Downloads\calcservice)
2021-06-15 19:33:13,480 INFO org.springframework.boot.SpringApplication [restartedMain] No active profile set, falling back to default profiles: default
2021-06-15 19:33:13,580 INFO org.springframework.boot.logging.DeferredLog [restartedMain] Devtools property defaults active! Set 'spring.devtools.add-properties' to 'false' to disable
2021-06-15 19:33:13,580 INFO org.springframework.boot.logging.DeferredLog [restartedMain] For additional web related logging consider setting the 'logging.level.web' property to 'DEBUG'
2021-06-15 19:33:15,179 INFO org.springframework.boot.web.embedded.tomcat.TomcatWebServer [restartedMain] Tomcat initialized with port(s): 8080 (http)
2021-06-15 19:33:15,195 INFO org.apache.juli.logging.DirectJDKLog [restartedMain] Initializing ProtocolHandler ["http-nio-8080"]
2021-06-15 19:33:15,195 INFO org.apache.juli.logging.DirectJDKLog [restartedMain] Starting service [Tomcat]
2021-06-15 19:33:15,195 INFO org.apache.juli.logging.DirectJDKLog [restartedMain] Starting Servlet engine: [Apache Tomcat/9.0.46]
2021-06-15 19:33:15,444 INFO org.apache.juli.logging.DirectJDKLog [restartedMain] Initializing Spring embedded WebApplicationContext
2021-06-15 19:33:15,444 INFO org.springframework.boot.web.servlet.context.ServletWebServerApplicationContext [restartedMain] Root WebApplicationContext: initialization completed in 1864 ms
2021-06-15 19:33:15,537 INFO net.rakugakibox.spring.boot.logback.access.LogbackAccessContext [restartedMain] Configured the Logback-access: context=[default], config=[classpath:net/rakugakibox/spring/boot/logback/access/logback-access-spring.xml]
2021-06-15 19:33:16,206 INFO org.springframework.boot.devtools.autoconfigure.OptionalLiveReloadServer [restartedMain] LiveReload server is running on port 35729
2021-06-15 19:33:16,238 INFO org.apache.juli.logging.DirectJDKLog [restartedMain] Starting ProtocolHandler ["http-nio-8080"]
2021-06-15 19:33:16,305 INFO org.springframework.boot.web.embedded.tomcat.TomcatWebServer [restartedMain] Tomcat started on port(s): 8080 (http) with context path ''
2021-06-15 19:33:16,339 INFO org.springframework.boot.StartupInfoLogger [restartedMain] Started CalcserviceApplication in 3.937 seconds (JVM running for 5.575)
2021-06-15 19:33:18,491 INFO org.apache.juli.logging.DirectJDKLog [http-nio-8080-exec-2] Initializing Spring DispatcherServlet 'dispatcherServlet'
2021-06-15 19:33:18,491 INFO org.springframework.web.servlet.FrameworkServlet [http-nio-8080-exec-2] Initializing Servlet 'dispatcherServlet'
2021-06-15 19:33:18,495 INFO org.springframework.web.servlet.FrameworkServlet [http-nio-8080-exec-2] Completed initialization in 4 ms
2021-06-15 19:33:18,559 INFO com.calculator.service.calcservice.calculator.CalculatorService [http-nio-8080-exec-2] Entering sum endpoint
2021-06-15 19:33:18,567 INFO com.calculator.service.calcservice.calculator.CalculatorService [http-nio-8080-exec-2] Returning sum -> 4.0+2.0=6
2021-06-15 23:02:01,857 INFO org.springframework.boot.StartupInfoLogger [main] Starting CalcserviceApplication using Java 1.8.0_202 on LAPTOP-V267SAEG with PID 10144 (C:\Users\olive\Downloads\calcservice\target\classes started by olive in C:\Users\olive\Downloads\calcservice)
2021-06-15 23:02:01,863 INFO org.springframework.boot.SpringApplication [main] No active profile set, falling back to default profiles: default
2021-06-15 23:02:03,368 INFO org.springframework.boot.web.embedded.tomcat.TomcatWebServer [main] Tomcat initialized with port(s): 8080 (http)
2021-06-15 23:02:03,384 INFO org.apache.juli.logging.DirectJDKLog [main] Initializing ProtocolHandler ["http-nio-8080"]
2021-06-15 23:02:03,384 INFO org.apache.juli.logging.DirectJDKLog [main] Starting service [Tomcat]
2021-06-15 23:02:03,384 INFO org.apache.juli.logging.DirectJDKLog [main] Starting Servlet engine: [Apache Tomcat/9.0.46]
2021-06-15 23:02:03,546 INFO org.apache.juli.logging.DirectJDKLog [main] Initializing Spring embedded WebApplicationContext
2021-06-15 23:02:03,546 INFO org.springframework.boot.web.servlet.context.ServletWebServerApplicationContext [main] Root WebApplicationContext: initialization completed in 1582 ms
2021-06-15 23:02:03,631 INFO net.rakugakibox.spring.boot.logback.access.LogbackAccessContext [main] Configured the Logback-access: context=[default], config=[classpath:net/rakugakibox/spring/boot/logback/access/logback-access-spring.xml]
2021-06-15 23:02:04,371 INFO org.apache.juli.logging.DirectJDKLog [main] Starting ProtocolHandler ["http-nio-8080"]
2021-06-15 23:02:04,418 INFO org.springframework.boot.web.embedded.tomcat.TomcatWebServer [main] Tomcat started on port(s): 8080 (http) with context path ''
2021-06-15 23:02:04,449 INFO org.springframework.boot.StartupInfoLogger [main] Started CalcserviceApplication in 3.793 seconds (JVM running for 5.458)
2021-06-15 23:02:16,640 INFO org.apache.juli.logging.DirectJDKLog [http-nio-8080-exec-1] Initializing Spring DispatcherServlet 'dispatcherServlet'
2021-06-15 23:02:16,640 INFO org.springframework.web.servlet.FrameworkServlet [http-nio-8080-exec-1] Initializing Servlet 'dispatcherServlet'
2021-06-15 23:02:16,640 INFO org.springframework.web.servlet.FrameworkServlet [http-nio-8080-exec-1] Completed initialization in 0 ms
2021-06-15 23:02:16,692 INFO com.calculator.service.calcservice.calculator.CalculatorService [http-nio-8080-exec-1] Entering sum endpoint
2021-06-15 23:02:16,696 INFO com.calculator.service.calcservice.calculator.CalculatorService [http-nio-8080-exec-1] Header 'user-agent' = PostmanRuntime/7.28.0
2021-06-15 23:02:16,696 INFO com.calculator.service.calcservice.calculator.CalculatorService [http-nio-8080-exec-1] Header 'accept' = */*
2021-06-15 23:02:16,696 INFO com.calculator.service.calcservice.calculator.CalculatorService [http-nio-8080-exec-1] Header 'postman-token' = bcb0d244-31a9-48c2-93c4-bcfb4ed2e865
2021-06-15 23:02:16,696 INFO com.calculator.service.calcservice.calculator.CalculatorService [http-nio-8080-exec-1] Header 'host' = localhost:8080
2021-06-15 23:02:16,696 INFO com.calculator.service.calcservice.calculator.CalculatorService [http-nio-8080-exec-1] Header 'accept-encoding' = gzip, deflate, br
2021-06-15 23:02:16,700 INFO com.calculator.service.calcservice.calculator.CalculatorService [http-nio-8080-exec-1] Header 'connection' = keep-alive
2021-06-15 23:02:16,704 INFO com.calculator.service.calcservice.calculator.CalculatorService [http-nio-8080-exec-1] Returning sum -> 4.0+2.0=6
2021-06-15 23:03:08,421 INFO com.calculator.service.calcservice.calculator.CalculatorService [http-nio-8080-exec-3] Entering sum endpoint
2021-06-15 23:03:08,425 INFO com.calculator.service.calcservice.calculator.CalculatorService [http-nio-8080-exec-3] Header 'user-agent' = PostmanRuntime/7.28.0
2021-06-15 23:03:08,425 INFO com.calculator.service.calcservice.calculator.CalculatorService [http-nio-8080-exec-3] Header 'accept' = */*
2021-06-15 23:03:08,425 INFO com.calculator.service.calcservice.calculator.CalculatorService [http-nio-8080-exec-3] Header 'postman-token' = 52c7b766-6ac0-4293-8133-d55d08f08710
2021-06-15 23:03:08,425 INFO com.calculator.service.calcservice.calculator.CalculatorService [http-nio-8080-exec-3] Header 'host' = localhost:8080
2021-06-15 23:03:08,425 INFO com.calculator.service.calcservice.calculator.CalculatorService [http-nio-8080-exec-3] Header 'accept-encoding' = gzip, deflate, br
2021-06-15 23:03:08,425 INFO com.calculator.service.calcservice.calculator.CalculatorService [http-nio-8080-exec-3] Header 'connection' = keep-alive
2021-06-15 23:03:08,425 INFO com.calculator.service.calcservice.calculator.CalculatorService [http-nio-8080-exec-3] Returning sum -> 4.0+7.0=11
2021-06-15 23:03:10,095 INFO com.calculator.service.calcservice.calculator.CalculatorService [http-nio-8080-exec-4] Entering sum endpoint
2021-06-15 23:03:10,095 INFO com.calculator.service.calcservice.calculator.CalculatorService [http-nio-8080-exec-4] Header 'user-agent' = PostmanRuntime/7.28.0
2021-06-15 23:03:10,099 INFO com.calculator.service.calcservice.calculator.CalculatorService [http-nio-8080-exec-4] Header 'accept' = */*
2021-06-15 23:03:10,099 INFO com.calculator.service.calcservice.calculator.CalculatorService [http-nio-8080-exec-4] Header 'postman-token' = 2954a136-fd02-4eef-b401-1f521c626c5c
2021-06-15 23:03:10,099 INFO com.calculator.service.calcservice.calculator.CalculatorService [http-nio-8080-exec-4] Header 'host' = localhost:8080
2021-06-15 23:03:10,099 INFO com.calculator.service.calcservice.calculator.CalculatorService [http-nio-8080-exec-4] Header 'accept-encoding' = gzip, deflate, br
2021-06-15 23:03:10,099 INFO com.calculator.service.calcservice.calculator.CalculatorService [http-nio-8080-exec-4] Header 'connection' = keep-alive
2021-06-15 23:03:10,099 INFO com.calculator.service.calcservice.calculator.CalculatorService [http-nio-8080-exec-4] Returning sum -> 4.0+7.0=11
2021-06-15 23:19:02,223 INFO org.springframework.boot.StartupInfoLogger [main] Starting CalcserviceApplication using Java 1.8.0_202 on LAPTOP-V267SAEG with PID 20296 (C:\Users\olive\Downloads\calcservice\target\classes started by olive in C:\Users\olive\Downloads\calcservice)
2021-06-15 23:19:02,223 INFO org.springframework.boot.SpringApplication [main] No active profile set, falling back to default profiles: default
2021-06-15 23:19:03,934 INFO org.springframework.boot.web.embedded.tomcat.TomcatWebServer [main] Tomcat initialized with port(s): 8080 (http)
2021-06-15 23:19:03,949 INFO org.apache.juli.logging.DirectJDKLog [main] Initializing ProtocolHandler ["http-nio-8080"]
2021-06-15 23:19:03,949 INFO org.apache.juli.logging.DirectJDKLog [main] Starting service [Tomcat]
2021-06-15 23:19:03,949 INFO org.apache.juli.logging.DirectJDKLog [main] Starting Servlet engine: [Apache Tomcat/9.0.46]
2021-06-15 23:19:04,134 INFO org.apache.juli.logging.DirectJDKLog [main] Initializing Spring embedded WebApplicationContext
2021-06-15 23:19:04,150 INFO org.springframework.boot.web.servlet.context.ServletWebServerApplicationContext [main] Root WebApplicationContext: initialization completed in 1817 ms
2021-06-15 23:19:04,271 INFO net.rakugakibox.spring.boot.logback.access.LogbackAccessContext [main] Configured the Logback-access: context=[default], config=[classpath:net/rakugakibox/spring/boot/logback/access/logback-access-spring.xml]
2021-06-15 23:19:04,969 INFO org.apache.juli.logging.DirectJDKLog [main] Starting ProtocolHandler ["http-nio-8080"]
2021-06-15 23:19:05,040 INFO org.springframework.boot.web.embedded.tomcat.TomcatWebServer [main] Tomcat started on port(s): 8080 (http) with context path ''
2021-06-15 23:19:05,071 INFO org.springframework.boot.StartupInfoLogger [main] Started CalcserviceApplication in 3.706 seconds (JVM running for 5.256)
2021-06-15 23:19:13,639 INFO org.apache.juli.logging.DirectJDKLog [http-nio-8080-exec-2] Initializing Spring DispatcherServlet 'dispatcherServlet'
2021-06-15 23:19:13,639 INFO org.springframework.web.servlet.FrameworkServlet [http-nio-8080-exec-2] Initializing Servlet 'dispatcherServlet'
2021-06-15 23:19:13,643 INFO org.springframework.web.servlet.FrameworkServlet [http-nio-8080-exec-2] Completed initialization in 4 ms
2021-06-15 23:19:13,687 INFO com.calculator.service.calcservice.calculator.CalculatorService [http-nio-8080-exec-2] Entering sum endpoint
2021-06-15 23:19:13,687 INFO com.calculator.service.calcservice.calculator.CalculatorService [http-nio-8080-exec-2] RequestKey: 28a3631f-35aa-49dd-afcb-ee62a3b8b8ad
2021-06-15 23:19:13,691 INFO com.calculator.service.calcservice.calculator.CalculatorService [http-nio-8080-exec-2] Returning sum -> 4.0+7.0=11
2021-06-15 23:20:21,443 INFO org.springframework.boot.StartupInfoLogger [main] Starting CalcserviceApplication using Java 1.8.0_202 on LAPTOP-V267SAEG with PID 22068 (C:\Users\olive\Downloads\calcservice\target\classes started by olive in C:\Users\olive\Downloads\calcservice)
2021-06-15 23:20:21,443 INFO org.springframework.boot.SpringApplication [main] No active profile set, falling back to default profiles: default
2021-06-15 23:20:22,879 INFO org.springframework.boot.web.embedded.tomcat.TomcatWebServer [main] Tomcat initialized with port(s): 8080 (http)
2021-06-15 23:20:22,887 INFO org.apache.juli.logging.DirectJDKLog [main] Initializing ProtocolHandler ["http-nio-8080"]
2021-06-15 23:20:22,895 INFO org.apache.juli.logging.DirectJDKLog [main] Starting service [Tomcat]
2021-06-15 23:20:22,895 INFO org.apache.juli.logging.DirectJDKLog [main] Starting Servlet engine: [Apache Tomcat/9.0.46]
2021-06-15 23:20:23,079 INFO org.apache.juli.logging.DirectJDKLog [main] Initializing Spring embedded WebApplicationContext
2021-06-15 23:20:23,079 INFO org.springframework.boot.web.servlet.context.ServletWebServerApplicationContext [main] Root WebApplicationContext: initialization completed in 1552 ms
2021-06-15 23:20:23,195 INFO net.rakugakibox.spring.boot.logback.access.LogbackAccessContext [main] Configured the Logback-access: context=[default], config=[classpath:net/rakugakibox/spring/boot/logback/access/logback-access-spring.xml]
2021-06-15 23:20:23,711 INFO org.apache.juli.logging.DirectJDKLog [main] Starting ProtocolHandler ["http-nio-8080"]
2021-06-15 23:20:23,749 INFO org.springframework.boot.web.embedded.tomcat.TomcatWebServer [main] Tomcat started on port(s): 8080 (http) with context path ''
2021-06-15 23:20:23,765 INFO org.springframework.boot.StartupInfoLogger [main] Started CalcserviceApplication in 3.179 seconds (JVM running for 4.525)
2021-06-15 23:20:26,950 INFO org.apache.juli.logging.DirectJDKLog [http-nio-8080-exec-2] Initializing Spring DispatcherServlet 'dispatcherServlet'
2021-06-15 23:20:26,950 INFO org.springframework.web.servlet.FrameworkServlet [http-nio-8080-exec-2] Initializing Servlet 'dispatcherServlet'
2021-06-15 23:20:26,950 INFO org.springframework.web.servlet.FrameworkServlet [http-nio-8080-exec-2] Completed initialization in 0 ms
2021-06-15 23:20:27,017 INFO com.calculator.service.calcservice.calculator.CalculatorService [http-nio-8080-exec-2] Entering sum endpoint
2021-06-15 23:20:27,017 INFO com.calculator.service.calcservice.calculator.CalculatorService [http-nio-8080-exec-2] RequestKey: 472dd5e8-420a-4220-9c50-c26d99b30ff5
2021-06-15 23:20:27,025 INFO com.calculator.service.calcservice.calculator.CalculatorService [http-nio-8080-exec-2] Returning sum -> 4.0+7.0=11
2021-06-15 23:25:30,738 INFO org.springframework.boot.StartupInfoLogger [main] Starting CalcserviceApplication using Java 1.8.0_202 on LAPTOP-V267SAEG with PID 21808 (C:\Users\olive\Downloads\calcservice\target\classes started by olive in C:\Users\olive\Downloads\calcservice)
2021-06-15 23:25:30,746 INFO org.springframework.boot.SpringApplication [main] No active profile set, falling back to default profiles: default
2021-06-15 23:25:32,477 INFO org.springframework.boot.web.embedded.tomcat.TomcatWebServer [main] Tomcat initialized with port(s): 8080 (http)
2021-06-15 23:25:32,493 INFO org.apache.juli.logging.DirectJDKLog [main] Initializing ProtocolHandler ["http-nio-8080"]
2021-06-15 23:25:32,493 INFO org.apache.juli.logging.DirectJDKLog [main] Starting service [Tomcat]
2021-06-15 23:25:32,497 INFO org.apache.juli.logging.DirectJDKLog [main] Starting Servlet engine: [Apache Tomcat/9.0.46]
2021-06-15 23:25:32,696 INFO org.apache.juli.logging.DirectJDKLog [main] Initializing Spring embedded WebApplicationContext
2021-06-15 23:25:32,696 INFO org.springframework.boot.web.servlet.context.ServletWebServerApplicationContext [main] Root WebApplicationContext: initialization completed in 1872 ms
2021-06-15 23:25:32,806 INFO net.rakugakibox.spring.boot.logback.access.LogbackAccessContext [main] Configured the Logback-access: context=[default], config=[classpath:net/rakugakibox/spring/boot/logback/access/logback-access-spring.xml]
2021-06-15 23:25:33,585 INFO org.apache.juli.logging.DirectJDKLog [main] Starting ProtocolHandler ["http-nio-8080"]
2021-06-15 23:25:33,632 INFO org.springframework.boot.web.embedded.tomcat.TomcatWebServer [main] Tomcat started on port(s): 8080 (http) with context path ''
2021-06-15 23:25:33,664 INFO org.springframework.boot.StartupInfoLogger [main] Started CalcserviceApplication in 3.929 seconds (JVM running for 5.571)
2021-06-15 23:25:35,125 INFO org.apache.juli.logging.DirectJDKLog [http-nio-8080-exec-2] Initializing Spring DispatcherServlet 'dispatcherServlet'
2021-06-15 23:25:35,125 INFO org.springframework.web.servlet.FrameworkServlet [http-nio-8080-exec-2] Initializing Servlet 'dispatcherServlet'
2021-06-15 23:25:35,125 INFO org.springframework.web.servlet.FrameworkServlet [http-nio-8080-exec-2] Completed initialization in 0 ms
2021-06-15 23:25:35,263 INFO com.calculator.service.calcservice.calculator.CalculatorService [http-nio-8080-exec-2] Entering sum endpoint
2021-06-15 23:25:35,271 INFO com.calculator.service.calcservice.calculator.CalculatorService [http-nio-8080-exec-2] RequestKey: afbc1513-91fa-4966-a957-071ff30ac20e
2021-06-15 23:25:35,303 INFO com.calculator.service.calcservice.calculator.CalculatorService [http-nio-8080-exec-2] Returning sum -> 4.0+7.0=11
2021-06-15 23:25:40,116 WARN org.springframework.web.servlet.handler.AbstractHandlerExceptionResolver [http-nio-8080-exec-3] Resolved [org.springframework.web.method.annotation.MethodArgumentTypeMismatchException: Failed to convert value of type 'java.lang.String' to required type 'double'; nested exception is java.lang.NumberFormatException: For input string: "q"]
2021-06-15 23:31:39,774 INFO org.springframework.boot.StartupInfoLogger [main] Starting CalcserviceApplication using Java 1.8.0_202 on LAPTOP-V267SAEG with PID 25792 (C:\Users\olive\Downloads\calcservice\target\classes started by olive in C:\Users\olive\Downloads\calcservice)
2021-06-15 23:31:39,782 INFO org.springframework.boot.SpringApplication [main] No active profile set, falling back to default profiles: default
2021-06-15 23:31:41,513 INFO org.springframework.boot.web.embedded.tomcat.TomcatWebServer [main] Tomcat initialized with port(s): 8080 (http)
2021-06-15 23:31:41,529 INFO org.apache.juli.logging.DirectJDKLog [main] Initializing ProtocolHandler ["http-nio-8080"]
2021-06-15 23:31:41,529 INFO org.apache.juli.logging.DirectJDKLog [main] Starting service [Tomcat]
2021-06-15 23:31:41,529 INFO org.apache.juli.logging.DirectJDKLog [main] Starting Servlet engine: [Apache Tomcat/9.0.46]
2021-06-15 23:31:41,709 INFO org.apache.juli.logging.DirectJDKLog [main] Initializing Spring embedded WebApplicationContext
2021-06-15 23:31:41,709 INFO org.springframework.boot.web.servlet.context.ServletWebServerApplicationContext [main] Root WebApplicationContext: initialization completed in 1847 ms
2021-06-15 23:31:41,821 INFO net.rakugakibox.spring.boot.logback.access.LogbackAccessContext [main] Configured the Logback-access: context=[default], config=[classpath:net/rakugakibox/spring/boot/logback/access/logback-access-spring.xml]
2021-06-15 23:31:42,521 INFO org.apache.juli.logging.DirectJDKLog [main] Starting ProtocolHandler ["http-nio-8080"]
2021-06-15 23:31:42,588 INFO org.springframework.boot.web.embedded.tomcat.TomcatWebServer [main] Tomcat started on port(s): 8080 (http) with context path ''
2021-06-15 23:31:42,633 INFO org.springframework.boot.StartupInfoLogger [main] Started CalcserviceApplication in 3.719 seconds (JVM running for 5.139)
2021-06-15 23:31:46,488 INFO org.apache.juli.logging.DirectJDKLog [http-nio-8080-exec-2] Initializing Spring DispatcherServlet 'dispatcherServlet'
2021-06-15 23:31:46,488 INFO org.springframework.web.servlet.FrameworkServlet [http-nio-8080-exec-2] Initializing Servlet 'dispatcherServlet'
2021-06-15 23:31:46,492 INFO org.springframework.web.servlet.FrameworkServlet [http-nio-8080-exec-2] Completed initialization in 4 ms
2021-06-15 23:31:46,573 WARN org.springframework.web.servlet.handler.AbstractHandlerExceptionResolver [http-nio-8080-exec-2] Resolved [org.springframework.web.method.annotation.MethodArgumentTypeMismatchException: Failed to convert value of type 'java.lang.String' to required type 'double'; nested exception is java.lang.NumberFormatException: For input string: "q"]
2021-06-15 23:32:41,188 INFO org.springframework.boot.StartupInfoLogger [main] Starting CalcserviceApplication using Java 1.8.0_202 on LAPTOP-V267SAEG with PID 10028 (C:\Users\olive\Downloads\calcservice\target\classes started by olive in C:\Users\olive\Downloads\calcservice)
2021-06-15 23:32:41,188 INFO org.springframework.boot.SpringApplication [main] No active profile set, falling back to default profiles: default
2021-06-15 23:32:42,642 INFO org.springframework.boot.web.embedded.tomcat.TomcatWebServer [main] Tomcat initialized with port(s): 8080 (http)
2021-06-15 23:32:42,666 INFO org.apache.juli.logging.DirectJDKLog [main] Initializing ProtocolHandler ["http-nio-8080"]
2021-06-15 23:32:42,666 INFO org.apache.juli.logging.DirectJDKLog [main] Starting service [Tomcat]
2021-06-15 23:32:42,666 INFO org.apache.juli.logging.DirectJDKLog [main] Starting Servlet engine: [Apache Tomcat/9.0.46]
2021-06-15 23:32:42,821 INFO org.apache.juli.logging.DirectJDKLog [main] Initializing Spring embedded WebApplicationContext
2021-06-15 23:32:42,821 INFO org.springframework.boot.web.servlet.context.ServletWebServerApplicationContext [main] Root WebApplicationContext: initialization completed in 1539 ms
2021-06-15 23:32:42,901 INFO net.rakugakibox.spring.boot.logback.access.LogbackAccessContext [main] Configured the Logback-access: context=[default], config=[classpath:net/rakugakibox/spring/boot/logback/access/logback-access-spring.xml]
2021-06-15 23:32:43,485 INFO org.apache.juli.logging.DirectJDKLog [main] Starting ProtocolHandler ["http-nio-8080"]
2021-06-15 23:32:43,517 INFO org.springframework.boot.web.embedded.tomcat.TomcatWebServer [main] Tomcat started on port(s): 8080 (http) with context path ''
2021-06-15 23:32:43,557 INFO org.springframework.boot.StartupInfoLogger [main] Started CalcserviceApplication in 3.195 seconds (JVM running for 4.542)
2021-06-15 23:32:47,868 INFO org.apache.juli.logging.DirectJDKLog [http-nio-8080-exec-1] Initializing Spring DispatcherServlet 'dispatcherServlet'
2021-06-15 23:32:47,872 INFO org.springframework.web.servlet.FrameworkServlet [http-nio-8080-exec-1] Initializing Servlet 'dispatcherServlet'
2021-06-15 23:32:47,872 INFO org.springframework.web.servlet.FrameworkServlet [http-nio-8080-exec-1] Completed initialization in 0 ms
2021-06-15 23:32:47,932 WARN org.springframework.web.servlet.handler.AbstractHandlerExceptionResolver [http-nio-8080-exec-1] Resolved [org.springframework.web.method.annotation.MethodArgumentTypeMismatchException: Failed to convert value of type 'java.lang.String' to required type 'double'; nested exception is java.lang.NumberFormatException: For input string: "q"]
2021-06-15 23:34:14,117 INFO org.springframework.boot.StartupInfoLogger [main] Starting CalcserviceApplication using Java 1.8.0_202 on LAPTOP-V267SAEG with PID 4684 (C:\Users\olive\Downloads\calcservice\target\classes started by olive in C:\Users\olive\Downloads\calcservice)
2021-06-15 23:34:14,125 INFO org.springframework.boot.SpringApplication [main] No active profile set, falling back to default profiles: default
2021-06-15 23:34:15,779 INFO org.springframework.boot.web.embedded.tomcat.TomcatWebServer [main] Tomcat initialized with port(s): 8080 (http)
2021-06-15 23:34:15,795 INFO org.apache.juli.logging.DirectJDKLog [main] Initializing ProtocolHandler ["http-nio-8080"]
2021-06-15 23:34:15,795 INFO org.apache.juli.logging.DirectJDKLog [main] Starting service [Tomcat]
2021-06-15 23:34:15,795 INFO org.apache.juli.logging.DirectJDKLog [main] Starting Servlet engine: [Apache Tomcat/9.0.46]
2021-06-15 23:34:15,980 INFO org.apache.juli.logging.DirectJDKLog [main] Initializing Spring embedded WebApplicationContext
2021-06-15 23:34:15,980 INFO org.springframework.boot.web.servlet.context.ServletWebServerApplicationContext [main] Root WebApplicationContext: initialization completed in 1795 ms
2021-06-15 23:34:16,066 INFO net.rakugakibox.spring.boot.logback.access.LogbackAccessContext [main] Configured the Logback-access: context=[default], config=[classpath:net/rakugakibox/spring/boot/logback/access/logback-access-spring.xml]
2021-06-15 23:34:16,663 INFO org.apache.juli.logging.DirectJDKLog [main] Starting ProtocolHandler ["http-nio-8080"]
2021-06-15 23:34:16,700 INFO org.springframework.boot.web.embedded.tomcat.TomcatWebServer [main] Tomcat started on port(s): 8080 (http) with context path ''
2021-06-15 23:34:16,731 INFO org.springframework.boot.StartupInfoLogger [main] Started CalcserviceApplication in 3.606 seconds (JVM running for 4.957)
2021-06-15 23:34:19,426 INFO org.apache.juli.logging.DirectJDKLog [http-nio-8080-exec-1] Initializing Spring DispatcherServlet 'dispatcherServlet'
2021-06-15 23:34:19,426 INFO org.springframework.web.servlet.FrameworkServlet [http-nio-8080-exec-1] Initializing Servlet 'dispatcherServlet'
2021-06-15 23:34:19,430 INFO org.springframework.web.servlet.FrameworkServlet [http-nio-8080-exec-1] Completed initialization in 0 ms
2021-06-15 23:34:19,482 WARN org.springframework.web.servlet.handler.AbstractHandlerExceptionResolver [http-nio-8080-exec-1] Resolved [org.springframework.web.method.annotation.MethodArgumentTypeMismatchException: Failed to convert value of type 'java.lang.String' to required type 'double'; nested exception is java.lang.NumberFormatException: For input string: "q"]
2021-06-15 23:34:59,120 INFO com.calculator.service.calcservice.calculator.CalculatorService [http-nio-8080-exec-4] Entering sum endpoint
2021-06-15 23:34:59,120 INFO com.calculator.service.calcservice.calculator.CalculatorService [http-nio-8080-exec-4] RequestKey: 07351745-2149-4f8b-a183-f87c07815ae7
2021-06-15 23:34:59,141 INFO com.calculator.service.calcservice.calculator.CalculatorService [http-nio-8080-exec-4] Returning sum -> 4.0+2.0=6
2021-06-15 23:35:05,924 INFO com.calculator.service.calcservice.calculator.CalculatorService [http-nio-8080-exec-5] Entering sub endpoint
2021-06-15 23:35:05,924 INFO com.calculator.service.calcservice.calculator.CalculatorService [http-nio-8080-exec-5] RequestKey: 2d4ebaed-6fe3-45fd-9dea-fef3b56b026a
2021-06-15 23:35:05,924 INFO com.calculator.service.calcservice.calculator.CalculatorService [http-nio-8080-exec-5] Returning sub -> 4.0-2.0=2
2021-06-15 23:35:14,904 INFO com.calculator.service.calcservice.calculator.CalculatorService [http-nio-8080-exec-6] Entering div endpoint
2021-06-15 23:35:14,908 INFO com.calculator.service.calcservice.calculator.CalculatorService [http-nio-8080-exec-6] RequestKey: 195dcab9-c9a2-42a8-a24f-78581f9ca12c
2021-06-15 23:35:14,908 INFO com.calculator.service.calcservice.calculator.CalculatorService [http-nio-8080-exec-6] Returning div -> 4.0/2.0=2
2021-06-15 23:35:20,434 INFO com.calculator.service.calcservice.calculator.CalculatorService [http-nio-8080-exec-7] Entering div endpoint
2021-06-15 23:35:20,434 INFO com.calculator.service.calcservice.calculator.CalculatorService [http-nio-8080-exec-7] RequestKey: cdc32eaa-cad7-4b02-92ac-f617a49b5a1d
2021-06-15 23:35:20,434 INFO com.calculator.service.calcservice.calculator.CalculatorService [http-nio-8080-exec-7] Unable to div
2021-06-15 23:35:20,438 WARN com.calculator.service.calcservice.calculator.CalculatorService [http-nio-8080-exec-7] Unable to div: Infinite or NaN
